<?xml version="1.0" encoding="UTF-8"?>
<!-- Generated by org.testng.reporters.JUnitXMLReporter -->
<testsuite ignored="0" hostname="maleek" failures="0" tests="3" name="Regression" time="110.893" errors="0" timestamp="2023-04-01T13:45:21 EET">
  <testcase classname="tests.TvPackageTests" name="checkValueEgypt" time="8.704"/>
  <testcase classname="tests.TvPackageTests" name="checkValueOman" time="6.59"/>
  <testcase classname="tests.TvPackageTests" name="checkValueUAE" time="11.349"/>
</testsuite> <!-- Regression -->
